# JRE version: Java(TM) SE Runtime Environment (8.0_201-b09) (build 1.8.0_201-b09)
# Java VM: Java HotSpot(TM) 64-Bit Server VM (25.201-b09 mixed mode windows-amd64 compressed oops)
Heap:
 PSYoungGen      total 295936K, used 247116K [0x00000000d6300000, 0x00000000e9480000, 0x0000000100000000)
  eden space 279552K, 88% used [0x00000000d6300000,0x00000000e5453288,0x00000000e7400000)
  from space 16384K, 0% used [0x00000000e7400000,0x00000000e7400000,0x00000000e8400000)
  to   space 16384K, 0% used [0x00000000e8480000,0x00000000e8480000,0x00000000e9480000)
 ParOldGen       total 82432K, used 24151K [0x0000000082800000, 0x0000000087880000, 0x00000000d6300000)
  object space 82432K, 29% used [0x0000000082800000,0x0000000083f95fb0,0x0000000087880000)
 Metaspace       used 44583K, capacity 46762K, committed 47104K, reserved 1089536K
  class space    used 5917K, capacity 6301K, committed 6400K, reserved 1048576K
GC Heap History (10 events):
Event: 25.604 GC heap before
{Heap before GC invocations=12 (full 2):
 PSYoungGen      total 167936K, used 154624K [0x00000000d6300000, 0x00000000e5600000, 0x0000000100000000)
  eden space 154624K, 100% used [0x00000000d6300000,0x00000000dfa00000,0x00000000dfa00000)
  from space 13312K, 0% used [0x00000000dfa00000,0x00000000dfa00000,0x00000000e0700000)
  to   space 12800K, 0% used [0x00000000e4980000,0x00000000e4980000,0x00000000e5600000)
 ParOldGen       total 82432K, used 16703K [0x0000000082800000, 0x0000000087880000, 0x00000000d6300000)
  object space 82432K, 20% used [0x0000000082800000,0x000000008384ff18,0x0000000087880000)
 Metaspace       used 37517K, capacity 39460K, committed 39552K, reserved 1083392K
  class space    used 5055K, capacity 5420K, committed 5504K, reserved 1048576K
Event: 25.611 GC heap after
Heap after GC invocations=12 (full 2):
 PSYoungGen      total 218624K, used 6766K [0x00000000d6300000, 0x00000000e5080000, 0x0000000100000000)
  eden space 211456K, 0% used [0x00000000d6300000,0x00000000d6300000,0x00000000e3180000)
  from space 7168K, 94% used [0x00000000e4980000,0x00000000e501b800,0x00000000e5080000)
  to   space 12288K, 0% used [0x00000000e3880000,0x00000000e3880000,0x00000000e4480000)
 ParOldGen       total 82432K, used 16711K [0x0000000082800000, 0x0000000087880000, 0x00000000d6300000)
  object space 82432K, 20% used [0x0000000082800000,0x0000000083851f18,0x0000000087880000)
 Metaspace       used 37517K, capacity 39460K, committed 39552K, reserved 1083392K
  class space    used 5055K, capacity 5420K, committed 5504K, reserved 1048576K
}
Event: 63.090 GC heap before
{Heap before GC invocations=13 (full 2):
 PSYoungGen      total 218624K, used 218222K [0x00000000d6300000, 0x00000000e5080000, 0x0000000100000000)
  eden space 211456K, 100% used [0x00000000d6300000,0x00000000e3180000,0x00000000e3180000)
  from space 7168K, 94% used [0x00000000e4980000,0x00000000e501b800,0x00000000e5080000)
  to   space 12288K, 0% used [0x00000000e3880000,0x00000000e3880000,0x00000000e4480000)
 ParOldGen       total 82432K, used 16711K [0x0000000082800000, 0x0000000087880000, 0x00000000d6300000)
  object space 82432K, 20% used [0x0000000082800000,0x0000000083851f18,0x0000000087880000)
 Metaspace       used 44157K, capacity 46156K, committed 46208K, reserved 1089536K
  class space    used 5853K, capacity 6233K, committed 6272K, reserved 1048576K
Event: 63.104 GC heap after
Heap after GC invocations=13 (full 2):
 PSYoungGen      total 230912K, used 12267K [0x00000000d6300000, 0x00000000e9380000, 0x0000000100000000)
  eden space 218624K, 0% used [0x00000000d6300000,0x00000000d6300000,0x00000000e3880000)
  from space 12288K, 99% used [0x00000000e3880000,0x00000000e447ac60,0x00000000e4480000)
  to   space 15872K, 0% used [0x00000000e8400000,0x00000000e8400000,0x00000000e9380000)
 ParOldGen       total 82432K, used 21521K [0x0000000082800000, 0x0000000087880000, 0x00000000d6300000)
  object space 82432K, 26% used [0x0000000082800000,0x0000000083d04400,0x0000000087880000)
 Metaspace       used 44157K, capacity 46156K, committed 46208K, reserved 1089536K
  class space    used 5853K, capacity 6233K, committed 6272K, reserved 1048576K
}
Event: 150.617 GC heap before
{Heap before GC invocations=14 (full 2):
 PSYoungGen      total 230912K, used 230891K [0x00000000d6300000, 0x00000000e9380000, 0x0000000100000000)
  eden space 218624K, 100% used [0x00000000d6300000,0x00000000e3880000,0x00000000e3880000)
  from space 12288K, 99% used [0x00000000e3880000,0x00000000e447ac60,0x00000000e4480000)
  to   space 15872K, 0% used [0x00000000e8400000,0x00000000e8400000,0x00000000e9380000)
 ParOldGen       total 82432K, used 21521K [0x0000000082800000, 0x0000000087880000, 0x00000000d6300000)
  object space 82432K, 26% used [0x0000000082800000,0x0000000083d04400,0x0000000087880000)
 Metaspace       used 44168K, capacity 46156K, committed 46208K, reserved 1089536K
  class space    used 5855K, capacity 6233K, committed 6272K, reserved 1048576K
Event: 150.622 GC heap after
Heap after GC invocations=14 (full 2):
 PSYoungGen      total 295424K, used 704K [0x00000000d6300000, 0x00000000e9480000, 0x0000000100000000)
  eden space 279552K, 0% used [0x00000000d6300000,0x00000000d6300000,0x00000000e7400000)
  from space 15872K, 4% used [0x00000000e8400000,0x00000000e84b0000,0x00000000e9380000)
  to   space 16384K, 0% used [0x00000000e7400000,0x00000000e7400000,0x00000000e8400000)
 ParOldGen       total 82432K, used 28517K [0x0000000082800000, 0x0000000087880000, 0x00000000d6300000)
  object space 82432K, 34% used [0x0000000082800000,0x00000000843d96b8,0x0000000087880000)
 Metaspace       used 44168K, capacity 46156K, committed 46208K, reserved 1089536K
  class space    used 5855K, capacity 6233K, committed 6272K, reserved 1048576K
}
Event: 246.779 GC heap before
{Heap before GC invocations=15 (full 2):
 PSYoungGen      total 295424K, used 238138K [0x00000000d6300000, 0x00000000e9480000, 0x0000000100000000)
  eden space 279552K, 84% used [0x00000000d6300000,0x00000000e4adebb0,0x00000000e7400000)
  from space 15872K, 4% used [0x00000000e8400000,0x00000000e84b0000,0x00000000e9380000)
  to   space 16384K, 0% used [0x00000000e7400000,0x00000000e7400000,0x00000000e8400000)
 ParOldGen       total 82432K, used 28517K [0x0000000082800000, 0x0000000087880000, 0x00000000d6300000)
  object space 82432K, 34% used [0x0000000082800000,0x00000000843d96b8,0x0000000087880000)
 Metaspace       used 44233K, capacity 46378K, committed 46464K, reserved 1089536K
  class space    used 5866K, capacity 6239K, committed 6272K, reserved 1048576K
Event: 246.781 GC heap after
Heap after GC invocations=15 (full 2):
 PSYoungGen      total 295936K, used 736K [0x00000000d6300000, 0x00000000e9480000, 0x0000000100000000)
  eden space 279552K, 0% used [0x00000000d6300000,0x00000000d6300000,0x00000000e7400000)
  from space 16384K, 4% used [0x00000000e7400000,0x00000000e74b8000,0x00000000e8400000)
  to   space 16384K, 0% used [0x00000000e8480000,0x00000000e8480000,0x00000000e9480000)
 ParOldGen       total 82432K, used 28525K [0x0000000082800000, 0x0000000087880000, 0x00000000d6300000)
  object space 82432K, 34% used [0x0000000082800000,0x00000000843db6b8,0x0000000087880000)
 Metaspace       used 44233K, capacity 46378K, committed 46464K, reserved 1089536K
  class space    used 5866K, capacity 6239K, committed 6272K, reserved 1048576K
}
Event: 246.781 GC heap before
{Heap before GC invocations=16 (full 3):
 PSYoungGen      total 295936K, used 736K [0x00000000d6300000, 0x00000000e9480000, 0x0000000100000000)
  eden space 279552K, 0% used [0x00000000d6300000,0x00000000d6300000,0x00000000e7400000)
  from space 16384K, 4% used [0x00000000e7400000,0x00000000e74b8000,0x00000000e8400000)
  to   space 16384K, 0% used [0x00000000e8480000,0x00000000e8480000,0x00000000e9480000)
 ParOldGen       total 82432K, used 28525K [0x0000000082800000, 0x0000000087880000, 0x00000000d6300000)
  object space 82432K, 34% used [0x0000000082800000,0x00000000843db6b8,0x0000000087880000)
 Metaspace       used 44233K, capacity 46378K, committed 46464K, reserved 1089536K
  class space    used 5866K, capacity 6239K, committed 6272K, reserved 1048576K
Event: 246.944 GC heap after
Heap after GC invocations=16 (full 3):
 PSYoungGen      total 295936K, used 0K [0x00000000d6300000, 0x00000000e9480000, 0x0000000100000000)
  eden space 279552K, 0% used [0x00000000d6300000,0x00000000d6300000,0x00000000e7400000)
  from space 16384K, 0% used [0x00000000e7400000,0x00000000e7400000,0x00000000e8400000)
  to   space 16384K, 0% used [0x00000000e8480000,0x00000000e8480000,0x00000000e9480000)
 ParOldGen       total 82432K, used 24151K [0x0000000082800000, 0x0000000087880000, 0x00000000d6300000)
  object space 82432K, 29% used [0x0000000082800000,0x0000000083f95fb0,0x0000000087880000)
 Metaspace       used 44229K, capacity 46366K, committed 46464K, reserved 1089536K
  class space    used 5865K, capacity 6237K, committed 6272K, reserved 1048576K
}

